INFO: System running
ERROR: Disk full
INFO: Analyzing log
ERROR: Error found
WARNING: Something bad
INFO: System running
ERROR: Disk full
INFO: Analyzing log
ERROR: Error found
WARNING: Something bad
INFO: System running
ERROR: Disk full
INFO: Analyzing log
ERROR: Error found
WARNING: Something bad
INFO: System running
ERROR: Disk full
INFO: Analyzing log
ERROR: Error found
WARNING: Something bad
INFO: System running
ERROR: Disk full
INFO: Analyzing log
ERROR: Error found
WARNING: Something bad
INFO: System running
ERROR: Disk full
INFO: Analyzing log
ERROR: Error found
WARNING: Something bad

