ERROR: Running stopped
INFO:Analyzing logs
ERROR: Disk full
INFO: system optimizing
WARNING:CPU processing 
ERROR: Error occuring
ERROR: Running stopped
INFO:Analyzing logs
ERROR: Disk full
INFO: system optimizing
WARNING:CPU processing 
ERROR: Error occuring
ERROR: Running stopped
INFO:Analyzing logs
ERROR: Disk full
INFO: system optimizing
WARNING:CPU processing 
ERROR: Error occuring
ERROR: Running stopped
INFO:Analyzing logs
ERROR: Disk full
INFO: system optimizing
WARNING:CPU processing 
ERROR: Error occuring

ERROR: Running stopped
INFO:Analyzing logs
ERROR: Disk full
INFO: system optimizing
WARNING:CPU processing 
ERROR: Error occuring
ERROR: Running stopped
INFO:Analyzing logs
ERROR: Disk full
INFO: system optimizing
WARNING:CPU processing 
ERROR: Error occuring
ERROR: Running stopped
INFO:Analyzing logs
ERROR: Disk full
INFO: system optimizing
WARNING:CPU processing 
ERROR: Error occuring

ERROR: Running stopped
INFO:Analyzing logs
ERROR: Disk full
INFO: system optimizing
WARNING:CPU processing 
ERROR: Error occuring
ERROR: Running stopped
INFO:Analyzing logs
ERROR: Disk full
INFO: system optimizing
WARNING:CPU processing 
ERROR: Error occuring
