INFO: System boot
ERROR: Disk failure
INFO: Service running
WARNING: CPU high usage
ERROR: Memory leak detected
INFO: Backup completed
ERROR: Network unreachable
INFO: User login


INFO: System boot
ERROR: Disk failure
INFO: Service running
WARNING: CPU high usage
ERROR: Memory leak detected
INFO: Backup completed
ERROR: Network unreachable
INFO: User login


INFO: System boot
ERROR: Disk failure
INFO: Service running
WARNING: CPU high usage
ERROR: Memory leak detected
INFO: Backup completed
ERROR: Network unreachable
INFO: User login


INFO: System boot
ERROR: Disk failure
INFO: Service running
WARNING: CPU high usage
ERROR: Memory leak detected
INFO: Backup completed
ERROR: Network unreachable
INFO: User login


INFO: System boot
ERROR: Disk failure
INFO: Service running
WARNING: CPU high usage
ERROR: Memory leak detected
INFO: Backup completed
ERROR: Network unreachable
INFO: User login


INFO: System boot
ERROR: Disk failure
INFO: Service running
WARNING: CPU high usage
ERROR: Memory leak detected
INFO: Backup completed
ERROR: Network unreachable
INFO: User login


INFO: System boot
ERROR: Disk failure
INFO: Service running
WARNING: CPU high usage
ERROR: Memory leak detected
INFO: Backup completed
ERROR: Network unreachable
INFO: User login


INFO: System boot
ERROR: Disk failure
INFO: Service running
WARNING: CPU high usage
ERROR: Memory leak detected
INFO: Backup completed
ERROR: Network unreachable
INFO: User login


INFO: System boot
ERROR: Disk failure
INFO: Service running
WARNING: CPU high usage
ERROR: Memory leak detected
INFO: Backup completed
ERROR: Network unreachable
INFO: User login


INFO: System boot
ERROR: Disk failure
INFO: Service running
WARNING: CPU high usage
ERROR: Memory leak detected
INFO: Backup completed
ERROR: Network unreachable
INFO: User login


